<?xml version="1.0" encoding="UTF-8"?>
<!-- Generated by org.testng.reporters.JUnitReportReporter -->
<testsuite skipped="0" hostname="DESKTOP-00P6QBP" name="pages.TestElement" tests="3" failures="0" timestamp="13 Jun 2022 21:10:59 GMT" time="4.905" errors="0">
  <testcase name="errRegistrationCredentialCheck" time="1.303" classname="pages.TestElement"/>
  <testcase name="errRegistrationCredentialCheck" time="2.229" classname="pages.TestElement"/>
  <testcase name="errRegistrationCredentialCheck" time="1.373" classname="pages.TestElement"/>
</testsuite> <!-- pages.TestElement -->
