<?xml version="1.0" encoding="UTF-8"?>
<!-- Generated by org.testng.reporters.JUnitReportReporter -->
<testsuite skipped="0" hostname="DESKTOP-00P6QBP" name="testcases.RegistrationPageTest" tests="13" failures="0" timestamp="14 Jun 2022 07:12:17 GMT" time="6.993" errors="0">
  <testcase name="errRegistrationCredentialCheck" time="1.020" classname="testcases.RegistrationPageTest"/>
  <testcase name="errRegistrationCredentialCheck" time="0.748" classname="testcases.RegistrationPageTest"/>
  <testcase name="verifyingInputsDisplaying" time="0.239" classname="testcases.RegistrationPageTest"/>
  <testcase name="errRegistrationCredentialCheck" time="0.802" classname="testcases.RegistrationPageTest"/>
  <testcase name="errRegistrationCredentialCheck" time="0.784" classname="testcases.RegistrationPageTest"/>
  <testcase name="errRegistrationCredentialCheck" time="0.824" classname="testcases.RegistrationPageTest"/>
  <testcase name="errRegistrationCredentialCheck" time="0.731" classname="testcases.RegistrationPageTest"/>
  <testcase name="validCredCheck" time="1.347" classname="testcases.RegistrationPageTest"/>
  <testcase name="titleCheck" time="0.017" classname="testcases.RegistrationPageTest"/>
  <testcase name="jbkTextCheck" time="0.060" classname="testcases.RegistrationPageTest"/>
  <testcase name="registerANewMembershipTextCheck" time="0.052" classname="testcases.RegistrationPageTest"/>
  <testcase name="hyperlinkiAlreadyHaveAMembershipCheck" time="0.213" classname="testcases.RegistrationPageTest"/>
  <testcase name="backgroundColorCheck" time="0.156" classname="testcases.RegistrationPageTest"/>
</testsuite> <!-- testcases.RegistrationPageTest -->
