<?xml version="1.0" encoding="UTF-8"?>
<!-- Generated by org.testng.reporters.JUnitReportReporter -->
<testsuite skipped="0" hostname="DESKTOP-00P6QBP" name="testcases.LoginTest" tests="9" failures="0" timestamp="21 Jun 2022 08:59:45 GMT" time="7.099" errors="0">
  <testcase name="credentialsTest" time="0.779" classname="testcases.LoginTest"/>
  <testcase name="credentialsTest" time="0.652" classname="testcases.LoginTest"/>
  <testcase name="credentialsTest" time="0.414" classname="testcases.LoginTest"/>
  <testcase name="credentialsTest" time="0.766" classname="testcases.LoginTest"/>
  <testcase name="credentialsTest" time="0.414" classname="testcases.LoginTest"/>
  <testcase name="credentialsTest" time="0.436" classname="testcases.LoginTest"/>
  <testcase name="credentialsTest" time="0.669" classname="testcases.LoginTest"/>
  <testcase name="credentialsTest" time="2.580" classname="testcases.LoginTest"/>
  <testcase name="credentialsTest" time="0.389" classname="testcases.LoginTest"/>
</testsuite> <!-- testcases.LoginTest -->
