<?xml version="1.0" encoding="UTF-8"?>
<!-- Generated by org.testng.reporters.JUnitReportReporter -->
<testsuite skipped="0" hostname="DESKTOP-00P6QBP" name="utility.NewTest" tests="9" failures="0" timestamp="21 Jun 2022 08:45:51 GMT" time="8.780" errors="0">
  <testcase name="credentialsTest" time="2.541" classname="utility.NewTest"/>
  <testcase name="credentialsTest" time="0.573" classname="utility.NewTest"/>
  <testcase name="credentialsTest" time="1.404" classname="utility.NewTest"/>
  <testcase name="credentialsTest" time="0.514" classname="utility.NewTest"/>
  <testcase name="credentialsTest" time="0.786" classname="utility.NewTest"/>
  <testcase name="credentialsTest" time="0.737" classname="utility.NewTest"/>
  <testcase name="credentialsTest" time="0.552" classname="utility.NewTest"/>
  <testcase name="credentialsTest" time="0.882" classname="utility.NewTest"/>
  <testcase name="credentialsTest" time="0.791" classname="utility.NewTest"/>
</testsuite> <!-- utility.NewTest -->
